[0.005s] Invoking command in '/home/jboegeholz/introduction-to-ros2/build/my_first_robot': CMAKE_PREFIX_PATH=/opt/ros/humble /usr/bin/cmake /home/jboegeholz/introduction-to-ros2/src/my_first_robot -DCMAKE_INSTALL_PREFIX=/home/jboegeholz/introduction-to-ros2/install/my_first_robot
[0.082s] -- The C compiler identification is GNU 11.4.0
[0.136s] -- The CXX compiler identification is GNU 11.4.0
[0.143s] -- Detecting C compiler ABI info
[0.175s] -- Detecting C compiler ABI info - done
[0.179s] -- Check for working C compiler: /usr/bin/cc - skipped
[0.179s] -- Detecting C compile features
[0.180s] -- Detecting C compile features - done
[0.182s] -- Detecting CXX compiler ABI info
[0.215s] -- Detecting CXX compiler ABI info - done
[0.219s] -- Check for working CXX compiler: /usr/bin/c++ - skipped
[0.219s] -- Detecting CXX compile features
[0.219s] -- Detecting CXX compile features - done
[0.223s] -- Found ament_cmake: 1.3.9 (/opt/ros/humble/share/ament_cmake/cmake)
[0.292s] -- Found Python3: /usr/bin/python3 (found version "3.10.12") found components: Interpreter 
[0.339s] -- Found ament_lint_auto: 0.12.11 (/opt/ros/humble/share/ament_lint_auto/cmake)
[0.375s] -- Added test 'flake8' to check Python code syntax and style conventions
[0.376s] -- Added test 'lint_cmake' to check CMake code style
[0.376s] -- Added test 'pep257' to check Python code against some of the docstring style conventions in PEP 257
[0.377s] -- Added test 'xmllint' to check XML markup files
[0.378s] -- Configuring done
[0.379s] -- Generating done
[0.380s] -- Build files have been written to: /home/jboegeholz/introduction-to-ros2/build/my_first_robot
[0.386s] Invoked command in '/home/jboegeholz/introduction-to-ros2/build/my_first_robot' returned '0': CMAKE_PREFIX_PATH=/opt/ros/humble /usr/bin/cmake /home/jboegeholz/introduction-to-ros2/src/my_first_robot -DCMAKE_INSTALL_PREFIX=/home/jboegeholz/introduction-to-ros2/install/my_first_robot
[0.386s] Invoking command in '/home/jboegeholz/introduction-to-ros2/build/my_first_robot': CMAKE_PREFIX_PATH=/opt/ros/humble /usr/bin/cmake --build /home/jboegeholz/introduction-to-ros2/build/my_first_robot -- -j8 -l8
[0.400s] Invoked command in '/home/jboegeholz/introduction-to-ros2/build/my_first_robot' returned '0': CMAKE_PREFIX_PATH=/opt/ros/humble /usr/bin/cmake --build /home/jboegeholz/introduction-to-ros2/build/my_first_robot -- -j8 -l8
[0.412s] Invoking command in '/home/jboegeholz/introduction-to-ros2/build/my_first_robot': CMAKE_PREFIX_PATH=/opt/ros/humble /usr/bin/cmake --install /home/jboegeholz/introduction-to-ros2/build/my_first_robot
[0.415s] -- Install configuration: ""
[0.415s] -- Installing: /home/jboegeholz/introduction-to-ros2/install/my_first_robot/share/ament_index/resource_index/package_run_dependencies/my_first_robot
[0.415s] -- Installing: /home/jboegeholz/introduction-to-ros2/install/my_first_robot/share/ament_index/resource_index/parent_prefix_path/my_first_robot
[0.416s] -- Installing: /home/jboegeholz/introduction-to-ros2/install/my_first_robot/share/my_first_robot/environment/ament_prefix_path.sh
[0.416s] -- Installing: /home/jboegeholz/introduction-to-ros2/install/my_first_robot/share/my_first_robot/environment/ament_prefix_path.dsv
[0.416s] -- Installing: /home/jboegeholz/introduction-to-ros2/install/my_first_robot/share/my_first_robot/environment/path.sh
[0.416s] -- Installing: /home/jboegeholz/introduction-to-ros2/install/my_first_robot/share/my_first_robot/environment/path.dsv
[0.416s] -- Installing: /home/jboegeholz/introduction-to-ros2/install/my_first_robot/share/my_first_robot/local_setup.bash
[0.416s] -- Installing: /home/jboegeholz/introduction-to-ros2/install/my_first_robot/share/my_first_robot/local_setup.sh
[0.416s] -- Installing: /home/jboegeholz/introduction-to-ros2/install/my_first_robot/share/my_first_robot/local_setup.zsh
[0.416s] -- Installing: /home/jboegeholz/introduction-to-ros2/install/my_first_robot/share/my_first_robot/local_setup.dsv
[0.416s] -- Installing: /home/jboegeholz/introduction-to-ros2/install/my_first_robot/share/my_first_robot/package.dsv
[0.416s] -- Installing: /home/jboegeholz/introduction-to-ros2/install/my_first_robot/share/ament_index/resource_index/packages/my_first_robot
[0.417s] -- Installing: /home/jboegeholz/introduction-to-ros2/install/my_first_robot/share/my_first_robot/cmake/my_first_robotConfig.cmake
[0.417s] -- Installing: /home/jboegeholz/introduction-to-ros2/install/my_first_robot/share/my_first_robot/cmake/my_first_robotConfig-version.cmake
[0.417s] -- Installing: /home/jboegeholz/introduction-to-ros2/install/my_first_robot/share/my_first_robot/package.xml
[0.418s] Invoked command in '/home/jboegeholz/introduction-to-ros2/build/my_first_robot' returned '0': CMAKE_PREFIX_PATH=/opt/ros/humble /usr/bin/cmake --install /home/jboegeholz/introduction-to-ros2/build/my_first_robot
