[0.006s] Invoking command in '/home/jboegeholz/introduction-to-ros2/build/my_first_robot': CMAKE_PREFIX_PATH=${CMAKE_PREFIX_PATH}:/opt/ros/humble /usr/bin/cmake --build /home/jboegeholz/introduction-to-ros2/build/my_first_robot -- -j8 -l8
[0.015s] -- Found ament_cmake: 1.3.9 (/opt/ros/humble/share/ament_cmake/cmake)
[0.068s] -- Found ament_lint_auto: 0.12.11 (/opt/ros/humble/share/ament_lint_auto/cmake)
[0.099s] -- Added test 'flake8' to check Python code syntax and style conventions
[0.099s] -- Added test 'lint_cmake' to check CMake code style
[0.099s] -- Added test 'pep257' to check Python code against some of the docstring style conventions in PEP 257
[0.100s] -- Added test 'xmllint' to check XML markup files
[0.100s] -- Configuring done
[0.102s] -- Generating done
[0.103s] -- Build files have been written to: /home/jboegeholz/introduction-to-ros2/build/my_first_robot
[0.114s] Invoked command in '/home/jboegeholz/introduction-to-ros2/build/my_first_robot' returned '0': CMAKE_PREFIX_PATH=${CMAKE_PREFIX_PATH}:/opt/ros/humble /usr/bin/cmake --build /home/jboegeholz/introduction-to-ros2/build/my_first_robot -- -j8 -l8
[0.127s] Invoking command in '/home/jboegeholz/introduction-to-ros2/build/my_first_robot': CMAKE_PREFIX_PATH=${CMAKE_PREFIX_PATH}:/opt/ros/humble /usr/bin/cmake --install /home/jboegeholz/introduction-to-ros2/build/my_first_robot
[0.129s] -- Install configuration: ""
[0.129s] -- Installing: /home/jboegeholz/introduction-to-ros2/install/my_first_robot/share/my_first_robot//urdf
[0.130s] -- Installing: /home/jboegeholz/introduction-to-ros2/install/my_first_robot/share/my_first_robot//urdf/my_robot.urdf
[0.130s] -- Installing: /home/jboegeholz/introduction-to-ros2/install/my_first_robot/share/my_first_robot//launch
[0.130s] -- Installing: /home/jboegeholz/introduction-to-ros2/install/my_first_robot/share/my_first_robot//launch/display.launch.py
[0.130s] -- Up-to-date: /home/jboegeholz/introduction-to-ros2/install/my_first_robot/share/ament_index/resource_index/package_run_dependencies/my_first_robot
[0.130s] -- Installing: /home/jboegeholz/introduction-to-ros2/install/my_first_robot/share/ament_index/resource_index/parent_prefix_path/my_first_robot
[0.130s] -- Up-to-date: /home/jboegeholz/introduction-to-ros2/install/my_first_robot/share/my_first_robot/environment/ament_prefix_path.sh
[0.130s] -- Installing: /home/jboegeholz/introduction-to-ros2/install/my_first_robot/share/my_first_robot/environment/ament_prefix_path.dsv
[0.130s] -- Up-to-date: /home/jboegeholz/introduction-to-ros2/install/my_first_robot/share/my_first_robot/environment/path.sh
[0.130s] -- Installing: /home/jboegeholz/introduction-to-ros2/install/my_first_robot/share/my_first_robot/environment/path.dsv
[0.130s] -- Up-to-date: /home/jboegeholz/introduction-to-ros2/install/my_first_robot/share/my_first_robot/local_setup.bash
[0.130s] -- Up-to-date: /home/jboegeholz/introduction-to-ros2/install/my_first_robot/share/my_first_robot/local_setup.sh
[0.130s] -- Up-to-date: /home/jboegeholz/introduction-to-ros2/install/my_first_robot/share/my_first_robot/local_setup.zsh
[0.130s] -- Installing: /home/jboegeholz/introduction-to-ros2/install/my_first_robot/share/my_first_robot/local_setup.dsv
[0.130s] -- Installing: /home/jboegeholz/introduction-to-ros2/install/my_first_robot/share/my_first_robot/package.dsv
[0.130s] -- Up-to-date: /home/jboegeholz/introduction-to-ros2/install/my_first_robot/share/ament_index/resource_index/packages/my_first_robot
[0.130s] -- Up-to-date: /home/jboegeholz/introduction-to-ros2/install/my_first_robot/share/my_first_robot/cmake/my_first_robotConfig.cmake
[0.130s] -- Up-to-date: /home/jboegeholz/introduction-to-ros2/install/my_first_robot/share/my_first_robot/cmake/my_first_robotConfig-version.cmake
[0.130s] -- Up-to-date: /home/jboegeholz/introduction-to-ros2/install/my_first_robot/share/my_first_robot/package.xml
[0.133s] Invoked command in '/home/jboegeholz/introduction-to-ros2/build/my_first_robot' returned '0': CMAKE_PREFIX_PATH=${CMAKE_PREFIX_PATH}:/opt/ros/humble /usr/bin/cmake --install /home/jboegeholz/introduction-to-ros2/build/my_first_robot
